<?xml version="1.0" encoding="UTF-8"?>
<testng-results ignored="0" total="1" passed="1" failed="0" skipped="0">
  <reporter-output>
  </reporter-output>
  <suite started-at="2025-03-11T09:42:03 CET" name="Carina Demo Tests - Hello World" finished-at="2025-03-11T09:42:04 CET" duration-ms="768">
    <groups>
    </groups>
    <test started-at="2025-03-11T09:42:03 CET" name="Hello World test" finished-at="2025-03-11T09:42:04 CET" duration-ms="768">
      <class name="com.solvd.carina.demo.HelloWorld">
        <test-method signature="helloWorld()[pri:0, instance:com.solvd.carina.demo.HelloWorld@6789b471]" started-at="2025-03-11T09:42:03 CET" name="helloWorld" finished-at="2025-03-11T09:42:03 CET" duration-ms="142" status="PASS">
          <reporter-output>
          </reporter-output>
        </test-method> <!-- helloWorld -->
        <test-method is-config="true" signature="onCarinaAfterMethod()[pri:0, instance:com.solvd.carina.demo.HelloWorld@6789b471]" started-at="2025-03-11T09:42:04 CET" name="onCarinaAfterMethod" finished-at="2025-03-11T09:42:04 CET" duration-ms="6" status="PASS">
          <reporter-output>
          </reporter-output>
        </test-method> <!-- onCarinaAfterMethod -->
      </class> <!-- com.solvd.carina.demo.HelloWorld -->
    </test> <!-- Hello World test -->
  </suite> <!-- Carina Demo Tests - Hello World -->
</testng-results>
